[15lis2022 00:00:00.001] [ftbbackups2_Worker-1/INFO] [net.creeperhost.ftbbackups.FTBBackups/]: Attempting to create an automatic backup
[15lis2022 00:00:00.002] [ftbbackups2_Worker-1/INFO] [net.creeperhost.ftbbackups.FTBBackups/]: Found world folder at /Users/karolzwierz/Documents/Minecraft/Serwer/./world/.
[15lis2022 00:00:00.008] [ftbbackups2_Worker-1/INFO] [net.creeperhost.ftbbackups.FTBBackups/]: Last backup size: 149,8MB Current world size: 203,7MB Current free space: 392,9GB ExpectedSize 157,3MB
[15lis2022 00:00:00.024] [ftbbackups2_Worker-1/INFO] [net.creeperhost.ftbbackups.FTBBackups/]: Setting world minecraft:overworld save state to true
[15lis2022 00:00:00.024] [ftbbackups2_Worker-1/INFO] [net.creeperhost.ftbbackups.FTBBackups/]: Setting world minecraft:the_nether save state to true
[15lis2022 00:00:00.024] [ftbbackups2_Worker-1/INFO] [net.creeperhost.ftbbackups.FTBBackups/]: Setting world twilightforest:twilight_forest save state to true
[15lis2022 00:00:00.024] [ftbbackups2_Worker-1/INFO] [net.creeperhost.ftbbackups.FTBBackups/]: Setting world minecraft:the_end save state to true
[15lis2022 00:00:00.024] [ftbbackups2_Worker-1/INFO] [net.creeperhost.ftbbackups.FTBBackups/]: Setting world ae2:spatial_storage save state to true
[15lis2022 00:00:00.088] [FTB Backups backup thread 0/INFO] [net.creeperhost.ftbbackups.de.piegames.blockmap.renderer.RegionRenderer/]: Rendering region file -1 -1
[15lis2022 00:00:06.785] [FTB Backups backup thread 0/INFO] [net.creeperhost.ftbbackups.FTBBackups/]: Setting world minecraft:overworld save state to false
[15lis2022 00:00:06.785] [FTB Backups backup thread 0/INFO] [net.creeperhost.ftbbackups.FTBBackups/]: Setting world minecraft:the_nether save state to false
[15lis2022 00:00:06.785] [FTB Backups backup thread 0/INFO] [net.creeperhost.ftbbackups.FTBBackups/]: Setting world twilightforest:twilight_forest save state to false
[15lis2022 00:00:06.785] [FTB Backups backup thread 0/INFO] [net.creeperhost.ftbbackups.FTBBackups/]: Setting world minecraft:the_end save state to false
[15lis2022 00:00:06.785] [FTB Backups backup thread 0/INFO] [net.creeperhost.ftbbackups.FTBBackups/]: Setting world ae2:spatial_storage save state to false
[15lis2022 00:00:07.306] [FTB Backups backup thread 0/INFO] [net.creeperhost.ftbbackups.FTBBackups/]: Backup size 149,9MB World Size 203,7MB
[15lis2022 00:00:07.313] [FTB Backups backup thread 0/INFO] [net.creeperhost.ftbbackups.FTBBackups/]: Writing to file /Users/karolzwierz/Documents/Minecraft/Serwer/backups/backups.json
[15lis2022 00:00:07.316] [FTB Backups backup thread 0/INFO] [net.creeperhost.ftbbackups.FTBBackups/]: New backup created at /Users/karolzwierz/Documents/Minecraft/Serwer/backups/2022-11-15_0-0-0.zip size: 149,9MB Took: 0m, 6s, 760ms Sha1: c2dd347c5791a74013667a1eb61351e1a0dbc636
[15lis2022 00:00:31.274] [FTB Backups scheduled executor 0/INFO] [net.creeperhost.ftbbackups.FTBBackups/]: More backups than 5 found, Removing oldest backup
[15lis2022 00:00:31.276] [FTB Backups scheduled executor 0/INFO] [net.creeperhost.ftbbackups.FTBBackups/]: Removed old backup 2022-11-9_21-0-0.zip
[15lis2022 00:00:31.276] [FTB Backups scheduled executor 0/INFO] [net.creeperhost.ftbbackups.FTBBackups/]: File missing, removing from backups /Users/karolzwierz/Documents/Minecraft/Serwer/backups/2022-11-9_21-0-0.zip
[15lis2022 00:00:31.281] [FTB Backups scheduled executor 0/INFO] [net.creeperhost.ftbbackups.FTBBackups/]: Writing to file /Users/karolzwierz/Documents/Minecraft/Serwer/backups/backups.json
[15lis2022 00:06:16.504] [Server thread/INFO] [net.minecraft.server.MinecraftServer/]: IVODEV was processed by Crushing Wheels
[15lis2022 00:06:21.253] [Server thread/WARN] [net.minecraft.server.network.ServerGamePacketListenerImpl/]: IVODEV was kicked for floating too long!
[15lis2022 00:06:21.301] [Server thread/INFO] [net.minecraft.server.network.ServerGamePacketListenerImpl/]: IVODEV lost connection: Flying is not enabled on this server
[15lis2022 00:06:21.301] [Server thread/INFO] [net.minecraft.server.MinecraftServer/]: IVODEV left the game
[15lis2022 00:06:26.451] [User Authenticator #5/INFO] [net.minecraft.server.network.ServerLoginPacketListenerImpl/]: UUID of player IVODEV is b332c4d9-9dcb-4e49-8d97-809d2b719c36
[15lis2022 00:06:29.756] [Server thread/INFO] [net.minecraftforge.common.AdvancementLoadFix/]: Using new advancement loading for net.minecraft.server.PlayerAdvancements@761ed799
[15lis2022 00:06:29.761] [Server thread/INFO] [net.minecraft.server.players.PlayerList/]: IVODEV[/192.168.0.3:54747] logged in with entity id 23556 at (-52.443665761303784, 66.11896000166765, -33.49023102307336)
[15lis2022 00:06:29.768] [Server thread/INFO] [net.minecraft.server.MinecraftServer/]: IVODEV joined the game
[15lis2022 00:06:34.545] [Server thread/WARN] [net.minecraft.server.network.ServerGamePacketListenerImpl/]: IVODEV moved too quickly! 25.943665761303784,0.0,-24.009768976926637
[15lis2022 00:30:00.001] [ftbbackups2_Worker-1/INFO] [net.creeperhost.ftbbackups.FTBBackups/]: Attempting to create an automatic backup
[15lis2022 00:30:00.001] [ftbbackups2_Worker-1/INFO] [net.creeperhost.ftbbackups.FTBBackups/]: Found world folder at /Users/karolzwierz/Documents/Minecraft/Serwer/./world/.
[15lis2022 00:30:00.004] [ftbbackups2_Worker-1/INFO] [net.creeperhost.ftbbackups.FTBBackups/]: Last backup size: 149,9MB Current world size: 203,7MB Current free space: 392,9GB ExpectedSize 157,4MB
[15lis2022 00:30:00.017] [ftbbackups2_Worker-1/INFO] [net.creeperhost.ftbbackups.FTBBackups/]: Setting world minecraft:overworld save state to true
[15lis2022 00:30:00.018] [ftbbackups2_Worker-1/INFO] [net.creeperhost.ftbbackups.FTBBackups/]: Setting world minecraft:the_nether save state to true
[15lis2022 00:30:00.018] [ftbbackups2_Worker-1/INFO] [net.creeperhost.ftbbackups.FTBBackups/]: Setting world twilightforest:twilight_forest save state to true
[15lis2022 00:30:00.018] [ftbbackups2_Worker-1/INFO] [net.creeperhost.ftbbackups.FTBBackups/]: Setting world minecraft:the_end save state to true
[15lis2022 00:30:00.018] [ftbbackups2_Worker-1/INFO] [net.creeperhost.ftbbackups.FTBBackups/]: Setting world ae2:spatial_storage save state to true
[15lis2022 00:30:00.061] [FTB Backups backup thread 0/INFO] [net.creeperhost.ftbbackups.de.piegames.blockmap.renderer.RegionRenderer/]: Rendering region file -1 -1
[15lis2022 00:30:06.585] [FTB Backups backup thread 0/INFO] [net.creeperhost.ftbbackups.FTBBackups/]: Setting world minecraft:overworld save state to false
[15lis2022 00:30:06.585] [FTB Backups backup thread 0/INFO] [net.creeperhost.ftbbackups.FTBBackups/]: Setting world minecraft:the_nether save state to false
[15lis2022 00:30:06.585] [FTB Backups backup thread 0/INFO] [net.creeperhost.ftbbackups.FTBBackups/]: Setting world twilightforest:twilight_forest save state to false
[15lis2022 00:30:06.585] [FTB Backups backup thread 0/INFO] [net.creeperhost.ftbbackups.FTBBackups/]: Setting world minecraft:the_end save state to false
[15lis2022 00:30:06.585] [FTB Backups backup thread 0/INFO] [net.creeperhost.ftbbackups.FTBBackups/]: Setting world ae2:spatial_storage save state to false
[15lis2022 00:30:07.103] [FTB Backups backup thread 0/INFO] [net.creeperhost.ftbbackups.FTBBackups/]: Backup size 150,0MB World Size 203,7MB
[15lis2022 00:30:07.109] [FTB Backups backup thread 0/INFO] [net.creeperhost.ftbbackups.FTBBackups/]: Writing to file /Users/karolzwierz/Documents/Minecraft/Serwer/backups/backups.json
[15lis2022 00:30:07.111] [FTB Backups backup thread 0/INFO] [net.creeperhost.ftbbackups.FTBBackups/]: New backup created at /Users/karolzwierz/Documents/Minecraft/Serwer/backups/2022-11-15_0-30-0.zip size: 150,0MB Took: 0m, 6s, 567ms Sha1: c0d844f914fc096ff46b26c996cd0abc593376e1
[15lis2022 00:30:31.272] [FTB Backups scheduled executor 0/INFO] [net.creeperhost.ftbbackups.FTBBackups/]: More backups than 5 found, Removing oldest backup
[15lis2022 00:30:31.275] [FTB Backups scheduled executor 0/INFO] [net.creeperhost.ftbbackups.FTBBackups/]: Removed old backup 2022-11-9_21-30-0.zip
[15lis2022 00:30:31.275] [FTB Backups scheduled executor 0/INFO] [net.creeperhost.ftbbackups.FTBBackups/]: File missing, removing from backups /Users/karolzwierz/Documents/Minecraft/Serwer/backups/2022-11-9_21-30-0.zip
[15lis2022 00:30:31.280] [FTB Backups scheduled executor 0/INFO] [net.creeperhost.ftbbackups.FTBBackups/]: Writing to file /Users/karolzwierz/Documents/Minecraft/Serwer/backups/backups.json
[15lis2022 00:55:14.660] [Server thread/INFO] [net.minecraft.server.MinecraftServer/]: [buba484: Set own game mode to Creative Mode]
[15lis2022 00:55:19.579] [Server thread/INFO] [net.minecraft.server.MinecraftServer/]: buba484 has made the advancement [Configure Everything]
[15lis2022 00:55:25.834] [Server thread/INFO] [net.minecraft.server.MinecraftServer/]: [buba484: Set own game mode to Survival Mode]
[15lis2022 00:55:51.900] [Server thread/INFO] [net.minecraft.server.MinecraftServer/]: [buba484: Set own game mode to Creative Mode]
[15lis2022 00:55:56.416] [Server thread/INFO] [net.minecraft.server.MinecraftServer/]: [buba484: Set own game mode to Survival Mode]
[15lis2022 01:00:00.006] [ftbbackups2_Worker-1/INFO] [net.creeperhost.ftbbackups.FTBBackups/]: Attempting to create an automatic backup
[15lis2022 01:00:00.006] [ftbbackups2_Worker-1/INFO] [net.creeperhost.ftbbackups.FTBBackups/]: Found world folder at /Users/karolzwierz/Documents/Minecraft/Serwer/./world/.
[15lis2022 01:00:00.009] [ftbbackups2_Worker-1/INFO] [net.creeperhost.ftbbackups.FTBBackups/]: Last backup size: 150,0MB Current world size: 203,7MB Current free space: 392,8GB ExpectedSize 157,5MB
[15lis2022 01:00:00.021] [ftbbackups2_Worker-1/INFO] [net.creeperhost.ftbbackups.FTBBackups/]: Setting world minecraft:overworld save state to true
[15lis2022 01:00:00.021] [ftbbackups2_Worker-1/INFO] [net.creeperhost.ftbbackups.FTBBackups/]: Setting world minecraft:the_nether save state to true
[15lis2022 01:00:00.021] [ftbbackups2_Worker-1/INFO] [net.creeperhost.ftbbackups.FTBBackups/]: Setting world twilightforest:twilight_forest save state to true
[15lis2022 01:00:00.021] [ftbbackups2_Worker-1/INFO] [net.creeperhost.ftbbackups.FTBBackups/]: Setting world minecraft:the_end save state to true
[15lis2022 01:00:00.021] [ftbbackups2_Worker-1/INFO] [net.creeperhost.ftbbackups.FTBBackups/]: Setting world ae2:spatial_storage save state to true
[15lis2022 01:00:00.066] [FTB Backups backup thread 0/INFO] [net.creeperhost.ftbbackups.de.piegames.blockmap.renderer.RegionRenderer/]: Rendering region file -1 -1
[15lis2022 01:00:06.669] [FTB Backups backup thread 0/INFO] [net.creeperhost.ftbbackups.FTBBackups/]: Setting world minecraft:overworld save state to false
[15lis2022 01:00:06.669] [FTB Backups backup thread 0/INFO] [net.creeperhost.ftbbackups.FTBBackups/]: Setting world minecraft:the_nether save state to false
[15lis2022 01:00:06.669] [FTB Backups backup thread 0/INFO] [net.creeperhost.ftbbackups.FTBBackups/]: Setting world twilightforest:twilight_forest save state to false
[15lis2022 01:00:06.669] [FTB Backups backup thread 0/INFO] [net.creeperhost.ftbbackups.FTBBackups/]: Setting world minecraft:the_end save state to false
[15lis2022 01:00:06.669] [FTB Backups backup thread 0/INFO] [net.creeperhost.ftbbackups.FTBBackups/]: Setting world ae2:spatial_storage save state to false
[15lis2022 01:00:07.187] [FTB Backups backup thread 0/INFO] [net.creeperhost.ftbbackups.FTBBackups/]: Backup size 150,0MB World Size 203,7MB
[15lis2022 01:00:07.193] [FTB Backups backup thread 0/INFO] [net.creeperhost.ftbbackups.FTBBackups/]: Writing to file /Users/karolzwierz/Documents/Minecraft/Serwer/backups/backups.json
[15lis2022 01:00:07.194] [FTB Backups backup thread 0/INFO] [net.creeperhost.ftbbackups.FTBBackups/]: New backup created at /Users/karolzwierz/Documents/Minecraft/Serwer/backups/2022-11-15_1-0-0.zip size: 150,0MB Took: 0m, 6s, 647ms Sha1: fa872b8f24e20f50b3eb63104bb0a6fc32837c66
[15lis2022 01:00:31.293] [FTB Backups scheduled executor 0/INFO] [net.creeperhost.ftbbackups.FTBBackups/]: More backups than 5 found, Removing oldest backup
[15lis2022 01:00:31.297] [FTB Backups scheduled executor 0/INFO] [net.creeperhost.ftbbackups.FTBBackups/]: Removed old backup 2022-11-9_23-30-0.zip
[15lis2022 01:00:31.297] [FTB Backups scheduled executor 0/INFO] [net.creeperhost.ftbbackups.FTBBackups/]: File missing, removing from backups /Users/karolzwierz/Documents/Minecraft/Serwer/backups/2022-11-9_23-30-0.zip
[15lis2022 01:00:31.303] [FTB Backups scheduled executor 0/INFO] [net.creeperhost.ftbbackups.FTBBackups/]: Writing to file /Users/karolzwierz/Documents/Minecraft/Serwer/backups/backups.json
[15lis2022 01:17:31.534] [Server thread/INFO] [net.minecraft.server.MinecraftServer/]: IVODEV has made the advancement [A Terrible Fortress]
[15lis2022 01:17:43.832] [Server thread/INFO] [net.minecraft.server.MinecraftServer/]: IVODEV was slain by Wither Skeleton
[15lis2022 01:18:43.682] [Server thread/INFO] [net.minecraft.server.MinecraftServer/]: IVODEV tried to swim in lava to escape Wither Skeleton
[15lis2022 01:18:52.728] [Server thread/INFO] [net.minecraft.server.MinecraftServer/]: [IVODEV: Set own game mode to Creative Mode]
[15lis2022 01:19:38.750] [Server thread/INFO] [net.minecraft.server.MinecraftServer/]: [IVODEV: Set own game mode to Survival Mode]
[15lis2022 01:20:29.731] [Server thread/INFO] [net.minecraft.server.MinecraftServer/]: IVODEV was slain by Baby Wither Skeleton
[15lis2022 01:20:40.681] [Server thread/INFO] [net.minecraft.server.MinecraftServer/]: [IVODEV: Set own game mode to Creative Mode]
[15lis2022 01:21:34.683] [Server thread/INFO] [net.minecraft.server.MinecraftServer/]: [IVODEV: Set own game mode to Survival Mode]
[15lis2022 01:29:58.617] [Server thread/INFO] [net.minecraft.server.MinecraftServer/]: IVODEV was slain by Wither Skeleton
[15lis2022 01:30:00.004] [ftbbackups2_Worker-1/INFO] [net.creeperhost.ftbbackups.FTBBackups/]: Attempting to create an automatic backup
[15lis2022 01:30:00.004] [ftbbackups2_Worker-1/INFO] [net.creeperhost.ftbbackups.FTBBackups/]: Found world folder at /Users/karolzwierz/Documents/Minecraft/Serwer/./world/.
[15lis2022 01:30:00.007] [ftbbackups2_Worker-1/INFO] [net.creeperhost.ftbbackups.FTBBackups/]: Last backup size: 150,0MB Current world size: 203,9MB Current free space: 392,8GB ExpectedSize 157,6MB
[15lis2022 01:30:00.020] [ftbbackups2_Worker-1/INFO] [net.creeperhost.ftbbackups.FTBBackups/]: Setting world minecraft:overworld save state to true
[15lis2022 01:30:00.020] [ftbbackups2_Worker-1/INFO] [net.creeperhost.ftbbackups.FTBBackups/]: Setting world minecraft:the_nether save state to true
[15lis2022 01:30:00.020] [ftbbackups2_Worker-1/INFO] [net.creeperhost.ftbbackups.FTBBackups/]: Setting world twilightforest:twilight_forest save state to true
[15lis2022 01:30:00.020] [ftbbackups2_Worker-1/INFO] [net.creeperhost.ftbbackups.FTBBackups/]: Setting world minecraft:the_end save state to true
[15lis2022 01:30:00.020] [ftbbackups2_Worker-1/INFO] [net.creeperhost.ftbbackups.FTBBackups/]: Setting world ae2:spatial_storage save state to true
[15lis2022 01:30:00.059] [FTB Backups backup thread 0/INFO] [net.creeperhost.ftbbackups.de.piegames.blockmap.renderer.RegionRenderer/]: Rendering region file -1 -1
[15lis2022 01:30:06.724] [FTB Backups backup thread 0/INFO] [net.creeperhost.ftbbackups.FTBBackups/]: Setting world minecraft:overworld save state to false
[15lis2022 01:30:06.727] [FTB Backups backup thread 0/INFO] [net.creeperhost.ftbbackups.FTBBackups/]: Setting world minecraft:the_nether save state to false
[15lis2022 01:30:06.727] [FTB Backups backup thread 0/INFO] [net.creeperhost.ftbbackups.FTBBackups/]: Setting world twilightforest:twilight_forest save state to false
[15lis2022 01:30:06.727] [FTB Backups backup thread 0/INFO] [net.creeperhost.ftbbackups.FTBBackups/]: Setting world minecraft:the_end save state to false
[15lis2022 01:30:06.727] [FTB Backups backup thread 0/INFO] [net.creeperhost.ftbbackups.FTBBackups/]: Setting world ae2:spatial_storage save state to false
[15lis2022 01:30:07.245] [FTB Backups backup thread 0/INFO] [net.creeperhost.ftbbackups.FTBBackups/]: Backup size 150,7MB World Size 203,9MB
[15lis2022 01:30:07.252] [FTB Backups backup thread 0/INFO] [net.creeperhost.ftbbackups.FTBBackups/]: Writing to file /Users/karolzwierz/Documents/Minecraft/Serwer/backups/backups.json
[15lis2022 01:30:07.253] [FTB Backups backup thread 0/INFO] [net.creeperhost.ftbbackups.FTBBackups/]: New backup created at /Users/karolzwierz/Documents/Minecraft/Serwer/backups/2022-11-15_1-30-0.zip size: 150,7MB Took: 0m, 6s, 703ms Sha1: f19b88fbef242424b3b617adf20daf0075f7e5d2
[15lis2022 01:30:31.335] [FTB Backups scheduled executor 0/INFO] [net.creeperhost.ftbbackups.FTBBackups/]: More backups than 5 found, Removing oldest backup
[15lis2022 01:30:31.337] [FTB Backups scheduled executor 0/INFO] [net.creeperhost.ftbbackups.FTBBackups/]: Removed old backup 2022-11-14_20-30-0.zip
[15lis2022 01:30:31.338] [FTB Backups scheduled executor 0/INFO] [net.creeperhost.ftbbackups.FTBBackups/]: File missing, removing from backups /Users/karolzwierz/Documents/Minecraft/Serwer/backups/2022-11-14_20-30-0.zip
[15lis2022 01:30:31.343] [FTB Backups scheduled executor 0/INFO] [net.creeperhost.ftbbackups.FTBBackups/]: Writing to file /Users/karolzwierz/Documents/Minecraft/Serwer/backups/backups.json
[15lis2022 01:30:59.278] [Server thread/INFO] [net.minecraft.server.MinecraftServer/]: [IVODEV: Set own game mode to Spectator Mode]
[15lis2022 01:31:28.534] [Server thread/INFO] [net.minecraft.server.MinecraftServer/]: [IVODEV: Set own game mode to Creative Mode]
[15lis2022 01:32:16.387] [Server thread/INFO] [net.minecraft.server.MinecraftServer/]: [IVODEV: Set own game mode to Survival Mode]
[15lis2022 02:00:00.002] [ftbbackups2_Worker-1/INFO] [net.creeperhost.ftbbackups.FTBBackups/]: Attempting to create an automatic backup
[15lis2022 02:00:00.003] [ftbbackups2_Worker-1/INFO] [net.creeperhost.ftbbackups.FTBBackups/]: Found world folder at /Users/karolzwierz/Documents/Minecraft/Serwer/./world/.
[15lis2022 02:00:00.006] [ftbbackups2_Worker-1/INFO] [net.creeperhost.ftbbackups.FTBBackups/]: Last backup size: 150,7MB Current world size: 204,0MB Current free space: 392,8GB ExpectedSize 158,3MB
[15lis2022 02:00:00.018] [ftbbackups2_Worker-1/INFO] [net.creeperhost.ftbbackups.FTBBackups/]: Setting world minecraft:overworld save state to true
[15lis2022 02:00:00.018] [ftbbackups2_Worker-1/INFO] [net.creeperhost.ftbbackups.FTBBackups/]: Setting world minecraft:the_nether save state to true
[15lis2022 02:00:00.018] [ftbbackups2_Worker-1/INFO] [net.creeperhost.ftbbackups.FTBBackups/]: Setting world twilightforest:twilight_forest save state to true
[15lis2022 02:00:00.018] [ftbbackups2_Worker-1/INFO] [net.creeperhost.ftbbackups.FTBBackups/]: Setting world minecraft:the_end save state to true
[15lis2022 02:00:00.018] [ftbbackups2_Worker-1/INFO] [net.creeperhost.ftbbackups.FTBBackups/]: Setting world ae2:spatial_storage save state to true
[15lis2022 02:00:00.060] [FTB Backups backup thread 0/INFO] [net.creeperhost.ftbbackups.de.piegames.blockmap.renderer.RegionRenderer/]: Rendering region file -1 -1
[15lis2022 02:00:06.698] [FTB Backups backup thread 0/INFO] [net.creeperhost.ftbbackups.FTBBackups/]: Setting world minecraft:overworld save state to false
[15lis2022 02:00:06.698] [FTB Backups backup thread 0/INFO] [net.creeperhost.ftbbackups.FTBBackups/]: Setting world minecraft:the_nether save state to false
[15lis2022 02:00:06.698] [FTB Backups backup thread 0/INFO] [net.creeperhost.ftbbackups.FTBBackups/]: Setting world twilightforest:twilight_forest save state to false
[15lis2022 02:00:06.699] [FTB Backups backup thread 0/INFO] [net.creeperhost.ftbbackups.FTBBackups/]: Setting world minecraft:the_end save state to false
[15lis2022 02:00:06.699] [FTB Backups backup thread 0/INFO] [net.creeperhost.ftbbackups.FTBBackups/]: Setting world ae2:spatial_storage save state to false
[15lis2022 02:00:07.221] [FTB Backups backup thread 0/INFO] [net.creeperhost.ftbbackups.FTBBackups/]: Backup size 150,9MB World Size 204,0MB
[15lis2022 02:00:07.227] [FTB Backups backup thread 0/INFO] [net.creeperhost.ftbbackups.FTBBackups/]: Writing to file /Users/karolzwierz/Documents/Minecraft/Serwer/backups/backups.json
[15lis2022 02:00:07.229] [FTB Backups backup thread 0/INFO] [net.creeperhost.ftbbackups.FTBBackups/]: New backup created at /Users/karolzwierz/Documents/Minecraft/Serwer/backups/2022-11-15_2-0-0.zip size: 150,9MB Took: 0m, 6s, 679ms Sha1: 9e631fd5a5b6579a47dad4e07fa187e1286c3074
[15lis2022 02:00:31.350] [FTB Backups scheduled executor 0/INFO] [net.creeperhost.ftbbackups.FTBBackups/]: More backups than 5 found, Removing oldest backup
[15lis2022 02:00:31.351] [FTB Backups scheduled executor 0/INFO] [net.creeperhost.ftbbackups.FTBBackups/]: Removed old backup 2022-11-14_23-30-0.zip
[15lis2022 02:00:31.351] [FTB Backups scheduled executor 0/INFO] [net.creeperhost.ftbbackups.FTBBackups/]: File missing, removing from backups /Users/karolzwierz/Documents/Minecraft/Serwer/backups/2022-11-14_23-30-0.zip
[15lis2022 02:00:31.356] [FTB Backups scheduled executor 0/INFO] [net.creeperhost.ftbbackups.FTBBackups/]: Writing to file /Users/karolzwierz/Documents/Minecraft/Serwer/backups/backups.json
[15lis2022 02:04:10.687] [Server thread/INFO] [net.minecraft.server.MinecraftServer/]: IVODEV was clamped to death by Pinch Beetle
[15lis2022 02:13:00.537] [Server thread/INFO] [net.minecraft.server.MinecraftServer/]: IVODEV was clamped to death by Pinch Beetle
[15lis2022 02:13:41.095] [Server thread/INFO] [net.minecraft.server.MinecraftServer/]: buba484 has made the advancement [I See Right Through You]
[15lis2022 02:15:11.414] [Server thread/INFO] [net.minecraft.server.MinecraftServer/]: IVODEV was clamped to death by Pinch Beetle
[15lis2022 02:18:43.722] [Server thread/INFO] [net.minecraft.server.MinecraftServer/]: IVODEV has made the advancement [Ol' Betsy]
[15lis2022 02:19:41.762] [Server thread/INFO] [net.minecraft.server.MinecraftServer/]: IVODEV was slain by Redcap Goblin
[15lis2022 02:30:00.002] [ftbbackups2_Worker-1/INFO] [net.creeperhost.ftbbackups.FTBBackups/]: Attempting to create an automatic backup
[15lis2022 02:30:00.003] [ftbbackups2_Worker-1/INFO] [net.creeperhost.ftbbackups.FTBBackups/]: Found world folder at /Users/karolzwierz/Documents/Minecraft/Serwer/./world/.
[15lis2022 02:30:00.006] [ftbbackups2_Worker-1/INFO] [net.creeperhost.ftbbackups.FTBBackups/]: Last backup size: 150,9MB Current world size: 204,1MB Current free space: 392,7GB ExpectedSize 158,5MB
[15lis2022 02:30:00.018] [ftbbackups2_Worker-1/INFO] [net.creeperhost.ftbbackups.FTBBackups/]: Setting world minecraft:overworld save state to true
[15lis2022 02:30:00.018] [ftbbackups2_Worker-1/INFO] [net.creeperhost.ftbbackups.FTBBackups/]: Setting world minecraft:the_nether save state to true
[15lis2022 02:30:00.018] [ftbbackups2_Worker-1/INFO] [net.creeperhost.ftbbackups.FTBBackups/]: Setting world twilightforest:twilight_forest save state to true
[15lis2022 02:30:00.018] [ftbbackups2_Worker-1/INFO] [net.creeperhost.ftbbackups.FTBBackups/]: Setting world minecraft:the_end save state to true
[15lis2022 02:30:00.018] [ftbbackups2_Worker-1/INFO] [net.creeperhost.ftbbackups.FTBBackups/]: Setting world ae2:spatial_storage save state to true
[15lis2022 02:30:00.064] [FTB Backups backup thread 0/INFO] [net.creeperhost.ftbbackups.de.piegames.blockmap.renderer.RegionRenderer/]: Rendering region file -1 -1
[15lis2022 02:30:06.822] [FTB Backups backup thread 0/INFO] [net.creeperhost.ftbbackups.FTBBackups/]: Setting world minecraft:overworld save state to false
[15lis2022 02:30:06.822] [FTB Backups backup thread 0/INFO] [net.creeperhost.ftbbackups.FTBBackups/]: Setting world minecraft:the_nether save state to false
[15lis2022 02:30:06.822] [FTB Backups backup thread 0/INFO] [net.creeperhost.ftbbackups.FTBBackups/]: Setting world twilightforest:twilight_forest save state to false
[15lis2022 02:30:06.822] [FTB Backups backup thread 0/INFO] [net.creeperhost.ftbbackups.FTBBackups/]: Setting world minecraft:the_end save state to false
[15lis2022 02:30:06.823] [FTB Backups backup thread 0/INFO] [net.creeperhost.ftbbackups.FTBBackups/]: Setting world ae2:spatial_storage save state to false
[15lis2022 02:30:07.368] [FTB Backups backup thread 0/INFO] [net.creeperhost.ftbbackups.FTBBackups/]: Backup size 151,3MB World Size 204,1MB
[15lis2022 02:30:07.375] [FTB Backups backup thread 0/INFO] [net.creeperhost.ftbbackups.FTBBackups/]: Writing to file /Users/karolzwierz/Documents/Minecraft/Serwer/backups/backups.json
[15lis2022 02:30:07.377] [FTB Backups backup thread 0/INFO] [net.creeperhost.ftbbackups.FTBBackups/]: New backup created at /Users/karolzwierz/Documents/Minecraft/Serwer/backups/2022-11-15_2-30-0.zip size: 151,3MB Took: 0m, 6s, 803ms Sha1: eae95276c4f3dc1f9ce25e3168db3b48d9322aa0
[15lis2022 02:30:31.338] [FTB Backups scheduled executor 0/INFO] [net.creeperhost.ftbbackups.FTBBackups/]: More backups than 5 found, Removing oldest backup
[15lis2022 02:30:31.340] [FTB Backups scheduled executor 0/INFO] [net.creeperhost.ftbbackups.FTBBackups/]: Removed old backup 2022-11-15_0-0-0.zip
[15lis2022 02:30:31.340] [FTB Backups scheduled executor 0/INFO] [net.creeperhost.ftbbackups.FTBBackups/]: File missing, removing from backups /Users/karolzwierz/Documents/Minecraft/Serwer/backups/2022-11-15_0-0-0.zip
[15lis2022 02:30:31.345] [FTB Backups scheduled executor 0/INFO] [net.creeperhost.ftbbackups.FTBBackups/]: Writing to file /Users/karolzwierz/Documents/Minecraft/Serwer/backups/backups.json
[15lis2022 02:31:06.123] [Server thread/INFO] [net.minecraft.server.MinecraftServer/]: IVODEV was shot by Skeleton
[15lis2022 02:38:28.311] [Server thread/INFO] [net.minecraft.server.MinecraftServer/]: IVODEV was killed by Witch using magic
[15lis2022 02:40:46.459] [Server thread/INFO] [net.minecraft.server.MinecraftServer/]: IVODEV was killed by Witch using magic
[15lis2022 02:41:05.198] [Server thread/INFO] [net.minecraft.server.MinecraftServer/]: [IVODEV: Set own game mode to Spectator Mode]
[15lis2022 02:41:29.097] [Server thread/INFO] [net.minecraft.server.MinecraftServer/]: [IVODEV: Set own game mode to Survival Mode]
[15lis2022 02:49:46.167] [Server thread/INFO] [net.minecraft.server.MinecraftServer/]: buba484 was doomed to fall
[15lis2022 02:53:22.361] [Server thread/INFO] [net.minecraft.server.network.ServerGamePacketListenerImpl/]: buba484 lost connection: Disconnected
[15lis2022 02:53:22.361] [Server thread/INFO] [net.minecraft.server.MinecraftServer/]: buba484 left the game
[15lis2022 03:00:00.001] [ftbbackups2_Worker-1/INFO] [net.creeperhost.ftbbackups.FTBBackups/]: Attempting to create an automatic backup
[15lis2022 03:00:00.001] [ftbbackups2_Worker-1/INFO] [net.creeperhost.ftbbackups.FTBBackups/]: Found world folder at /Users/karolzwierz/Documents/Minecraft/Serwer/./world/.
[15lis2022 03:00:00.004] [ftbbackups2_Worker-1/INFO] [net.creeperhost.ftbbackups.FTBBackups/]: Last backup size: 151,3MB Current world size: 204,1MB Current free space: 392,7GB ExpectedSize 158,9MB
[15lis2022 03:00:00.013] [ftbbackups2_Worker-1/INFO] [net.creeperhost.ftbbackups.FTBBackups/]: Setting world minecraft:overworld save state to true
[15lis2022 03:00:00.013] [ftbbackups2_Worker-1/INFO] [net.creeperhost.ftbbackups.FTBBackups/]: Setting world minecraft:the_nether save state to true
[15lis2022 03:00:00.013] [ftbbackups2_Worker-1/INFO] [net.creeperhost.ftbbackups.FTBBackups/]: Setting world twilightforest:twilight_forest save state to true
[15lis2022 03:00:00.013] [ftbbackups2_Worker-1/INFO] [net.creeperhost.ftbbackups.FTBBackups/]: Setting world minecraft:the_end save state to true
[15lis2022 03:00:00.013] [ftbbackups2_Worker-1/INFO] [net.creeperhost.ftbbackups.FTBBackups/]: Setting world ae2:spatial_storage save state to true
[15lis2022 03:00:00.057] [FTB Backups backup thread 0/INFO] [net.creeperhost.ftbbackups.de.piegames.blockmap.renderer.RegionRenderer/]: Rendering region file -1 -1
[15lis2022 03:00:06.783] [FTB Backups backup thread 0/INFO] [net.creeperhost.ftbbackups.FTBBackups/]: Setting world minecraft:overworld save state to false
[15lis2022 03:00:06.786] [FTB Backups backup thread 0/INFO] [net.creeperhost.ftbbackups.FTBBackups/]: Setting world minecraft:the_nether save state to false
[15lis2022 03:00:06.786] [FTB Backups backup thread 0/INFO] [net.creeperhost.ftbbackups.FTBBackups/]: Setting world twilightforest:twilight_forest save state to false
[15lis2022 03:00:06.786] [FTB Backups backup thread 0/INFO] [net.creeperhost.ftbbackups.FTBBackups/]: Setting world minecraft:the_end save state to false
[15lis2022 03:00:06.786] [FTB Backups backup thread 0/INFO] [net.creeperhost.ftbbackups.FTBBackups/]: Setting world ae2:spatial_storage save state to false
[15lis2022 03:00:07.312] [FTB Backups backup thread 0/INFO] [net.creeperhost.ftbbackups.FTBBackups/]: Backup size 151,5MB World Size 204,1MB
[15lis2022 03:00:07.318] [FTB Backups backup thread 0/INFO] [net.creeperhost.ftbbackups.FTBBackups/]: Writing to file /Users/karolzwierz/Documents/Minecraft/Serwer/backups/backups.json
[15lis2022 03:00:07.320] [FTB Backups backup thread 0/INFO] [net.creeperhost.ftbbackups.FTBBackups/]: New backup created at /Users/karolzwierz/Documents/Minecraft/Serwer/backups/2022-11-15_3-0-0.zip size: 151,5MB Took: 0m, 6s, 770ms Sha1: 60c84359983a0b5d3cb95066b6460ae1e4ec5896
[15lis2022 03:00:31.334] [FTB Backups scheduled executor 0/INFO] [net.creeperhost.ftbbackups.FTBBackups/]: More backups than 5 found, Removing oldest backup
[15lis2022 03:00:31.337] [FTB Backups scheduled executor 0/INFO] [net.creeperhost.ftbbackups.FTBBackups/]: Removed old backup 2022-11-15_0-30-0.zip
[15lis2022 03:00:31.337] [FTB Backups scheduled executor 0/INFO] [net.creeperhost.ftbbackups.FTBBackups/]: File missing, removing from backups /Users/karolzwierz/Documents/Minecraft/Serwer/backups/2022-11-15_0-30-0.zip
[15lis2022 03:00:31.341] [FTB Backups scheduled executor 0/INFO] [net.creeperhost.ftbbackups.FTBBackups/]: Writing to file /Users/karolzwierz/Documents/Minecraft/Serwer/backups/backups.json
[15lis2022 03:30:00.002] [ftbbackups2_Worker-1/INFO] [net.creeperhost.ftbbackups.FTBBackups/]: Attempting to create an automatic backup
[15lis2022 03:30:00.003] [ftbbackups2_Worker-1/INFO] [net.creeperhost.ftbbackups.FTBBackups/]: Found world folder at /Users/karolzwierz/Documents/Minecraft/Serwer/./world/.
[15lis2022 03:30:00.006] [ftbbackups2_Worker-1/INFO] [net.creeperhost.ftbbackups.FTBBackups/]: Last backup size: 151,5MB Current world size: 204,1MB Current free space: 392,7GB ExpectedSize 159,0MB
[15lis2022 03:30:00.013] [ftbbackups2_Worker-1/INFO] [net.creeperhost.ftbbackups.FTBBackups/]: Setting world minecraft:overworld save state to true
[15lis2022 03:30:00.013] [ftbbackups2_Worker-1/INFO] [net.creeperhost.ftbbackups.FTBBackups/]: Setting world minecraft:the_nether save state to true
[15lis2022 03:30:00.013] [ftbbackups2_Worker-1/INFO] [net.creeperhost.ftbbackups.FTBBackups/]: Setting world twilightforest:twilight_forest save state to true
[15lis2022 03:30:00.013] [ftbbackups2_Worker-1/INFO] [net.creeperhost.ftbbackups.FTBBackups/]: Setting world minecraft:the_end save state to true
[15lis2022 03:30:00.013] [ftbbackups2_Worker-1/INFO] [net.creeperhost.ftbbackups.FTBBackups/]: Setting world ae2:spatial_storage save state to true
[15lis2022 03:30:00.055] [FTB Backups backup thread 0/INFO] [net.creeperhost.ftbbackups.de.piegames.blockmap.renderer.RegionRenderer/]: Rendering region file -1 -1
[15lis2022 03:30:06.739] [FTB Backups backup thread 0/INFO] [net.creeperhost.ftbbackups.FTBBackups/]: Setting world minecraft:overworld save state to false
[15lis2022 03:30:06.740] [FTB Backups backup thread 0/INFO] [net.creeperhost.ftbbackups.FTBBackups/]: Setting world minecraft:the_nether save state to false
[15lis2022 03:30:06.740] [FTB Backups backup thread 0/INFO] [net.creeperhost.ftbbackups.FTBBackups/]: Setting world twilightforest:twilight_forest save state to false
[15lis2022 03:30:06.740] [FTB Backups backup thread 0/INFO] [net.creeperhost.ftbbackups.FTBBackups/]: Setting world minecraft:the_end save state to false
[15lis2022 03:30:06.740] [FTB Backups backup thread 0/INFO] [net.creeperhost.ftbbackups.FTBBackups/]: Setting world ae2:spatial_storage save state to false
[15lis2022 03:30:07.271] [FTB Backups backup thread 0/INFO] [net.creeperhost.ftbbackups.FTBBackups/]: Backup size 151,5MB World Size 204,1MB
[15lis2022 03:30:07.277] [FTB Backups backup thread 0/INFO] [net.creeperhost.ftbbackups.FTBBackups/]: Writing to file /Users/karolzwierz/Documents/Minecraft/Serwer/backups/backups.json
[15lis2022 03:30:07.278] [FTB Backups backup thread 0/INFO] [net.creeperhost.ftbbackups.FTBBackups/]: New backup created at /Users/karolzwierz/Documents/Minecraft/Serwer/backups/2022-11-15_3-30-0.zip size: 151,5MB Took: 0m, 6s, 726ms Sha1: 3a14a706499ac9785e47983585fb05c75af65806
[15lis2022 03:30:31.293] [FTB Backups scheduled executor 0/INFO] [net.creeperhost.ftbbackups.FTBBackups/]: More backups than 5 found, Removing oldest backup
[15lis2022 03:30:31.296] [FTB Backups scheduled executor 0/INFO] [net.creeperhost.ftbbackups.FTBBackups/]: Removed old backup 2022-11-15_1-0-0.zip
[15lis2022 03:30:31.296] [FTB Backups scheduled executor 0/INFO] [net.creeperhost.ftbbackups.FTBBackups/]: File missing, removing from backups /Users/karolzwierz/Documents/Minecraft/Serwer/backups/2022-11-15_1-0-0.zip
[15lis2022 03:30:31.301] [FTB Backups scheduled executor 0/INFO] [net.creeperhost.ftbbackups.FTBBackups/]: Writing to file /Users/karolzwierz/Documents/Minecraft/Serwer/backups/backups.json
[15lis2022 03:39:55.533] [Server thread/INFO] [net.minecraft.server.MinecraftServer/]: [IVODEV: Set own game mode to Creative Mode]
[15lis2022 03:42:14.177] [Server thread/INFO] [net.minecraft.server.MinecraftServer/]: [IVODEV: Set own game mode to Survival Mode]
[15lis2022 03:57:43.273] [Server thread/INFO] [net.minecraft.server.MinecraftServer/]: [IVODEV: Set own game mode to Creative Mode]
[15lis2022 04:00:00.006] [ftbbackups2_Worker-1/INFO] [net.creeperhost.ftbbackups.FTBBackups/]: Attempting to create an automatic backup
[15lis2022 04:00:00.007] [ftbbackups2_Worker-1/INFO] [net.creeperhost.ftbbackups.FTBBackups/]: Found world folder at /Users/karolzwierz/Documents/Minecraft/Serwer/./world/.
[15lis2022 04:00:00.010] [ftbbackups2_Worker-1/INFO] [net.creeperhost.ftbbackups.FTBBackups/]: Last backup size: 151,5MB Current world size: 204,1MB Current free space: 392,7GB ExpectedSize 159,1MB
[15lis2022 04:00:00.016] [ftbbackups2_Worker-1/INFO] [net.creeperhost.ftbbackups.FTBBackups/]: Setting world minecraft:overworld save state to true
[15lis2022 04:00:00.016] [ftbbackups2_Worker-1/INFO] [net.creeperhost.ftbbackups.FTBBackups/]: Setting world minecraft:the_nether save state to true
[15lis2022 04:00:00.016] [ftbbackups2_Worker-1/INFO] [net.creeperhost.ftbbackups.FTBBackups/]: Setting world twilightforest:twilight_forest save state to true
[15lis2022 04:00:00.016] [ftbbackups2_Worker-1/INFO] [net.creeperhost.ftbbackups.FTBBackups/]: Setting world minecraft:the_end save state to true
[15lis2022 04:00:00.016] [ftbbackups2_Worker-1/INFO] [net.creeperhost.ftbbackups.FTBBackups/]: Setting world ae2:spatial_storage save state to true
[15lis2022 04:00:00.060] [FTB Backups backup thread 0/INFO] [net.creeperhost.ftbbackups.de.piegames.blockmap.renderer.RegionRenderer/]: Rendering region file -1 -1
[15lis2022 04:00:06.760] [FTB Backups backup thread 0/INFO] [net.creeperhost.ftbbackups.FTBBackups/]: Setting world minecraft:overworld save state to false
[15lis2022 04:00:06.762] [FTB Backups backup thread 0/INFO] [net.creeperhost.ftbbackups.FTBBackups/]: Setting world minecraft:the_nether save state to false
[15lis2022 04:00:06.762] [FTB Backups backup thread 0/INFO] [net.creeperhost.ftbbackups.FTBBackups/]: Setting world twilightforest:twilight_forest save state to false
[15lis2022 04:00:06.762] [FTB Backups backup thread 0/INFO] [net.creeperhost.ftbbackups.FTBBackups/]: Setting world minecraft:the_end save state to false
[15lis2022 04:00:06.762] [FTB Backups backup thread 0/INFO] [net.creeperhost.ftbbackups.FTBBackups/]: Setting world ae2:spatial_storage save state to false
[15lis2022 04:00:07.287] [FTB Backups backup thread 0/INFO] [net.creeperhost.ftbbackups.FTBBackups/]: Backup size 151,5MB World Size 204,1MB
[15lis2022 04:00:07.293] [FTB Backups backup thread 0/INFO] [net.creeperhost.ftbbackups.FTBBackups/]: Writing to file /Users/karolzwierz/Documents/Minecraft/Serwer/backups/backups.json
[15lis2022 04:00:07.294] [FTB Backups backup thread 0/INFO] [net.creeperhost.ftbbackups.FTBBackups/]: New backup created at /Users/karolzwierz/Documents/Minecraft/Serwer/backups/2022-11-15_4-0-0.zip size: 151,5MB Took: 0m, 6s, 743ms Sha1: 16e39c491cebe9bac498c4eb12b9206e3f2208f6
[15lis2022 04:00:31.360] [FTB Backups scheduled executor 0/INFO] [net.creeperhost.ftbbackups.FTBBackups/]: More backups than 5 found, Removing oldest backup
[15lis2022 04:00:31.365] [FTB Backups scheduled executor 0/INFO] [net.creeperhost.ftbbackups.FTBBackups/]: Removed old backup 2022-11-15_1-30-0.zip
[15lis2022 04:00:31.365] [FTB Backups scheduled executor 0/INFO] [net.creeperhost.ftbbackups.FTBBackups/]: File missing, removing from backups /Users/karolzwierz/Documents/Minecraft/Serwer/backups/2022-11-15_1-30-0.zip
[15lis2022 04:00:31.370] [FTB Backups scheduled executor 0/INFO] [net.creeperhost.ftbbackups.FTBBackups/]: Writing to file /Users/karolzwierz/Documents/Minecraft/Serwer/backups/backups.json
[15lis2022 04:02:35.914] [Server thread/INFO] [net.minecraft.server.MinecraftServer/]: [IVODEV: Set own game mode to Survival Mode]
[15lis2022 04:02:37.690] [Server thread/INFO] [net.minecraft.server.network.ServerGamePacketListenerImpl/]: IVODEV lost connection: Disconnected
[15lis2022 04:02:37.690] [Server thread/INFO] [net.minecraft.server.MinecraftServer/]: IVODEV left the game
[15lis2022 04:02:46.288] [Server thread/INFO] [net.minecraft.server.MinecraftServer/]: Stopping the server
[15lis2022 04:02:46.334] [Server thread/INFO] [net.creeperhost.ftbbackups.FTBBackups/]: Shutting down the scheduler thread
[15lis2022 04:02:46.334] [Server thread/INFO] [net.creeperhost.ftbbackups.org.quartz.core.QuartzScheduler/]: Scheduler ftbbackups2_$_NON_CLUSTERED shutting down.
[15lis2022 04:02:46.334] [Server thread/INFO] [net.creeperhost.ftbbackups.org.quartz.core.QuartzScheduler/]: Scheduler ftbbackups2_$_NON_CLUSTERED paused.
[15lis2022 04:02:46.335] [Server thread/INFO] [net.creeperhost.ftbbackups.org.quartz.core.QuartzScheduler/]: Scheduler ftbbackups2_$_NON_CLUSTERED shutdown complete.
[15lis2022 04:02:46.335] [Server thread/INFO] [net.creeperhost.ftbbackups.FTBBackups/]: Closing the file watcher
[15lis2022 04:02:46.335] [Server thread/INFO] [net.creeperhost.ftbbackups.FTBBackups/]: Shutting down the config watcher executor
[15lis2022 04:02:46.335] [Server thread/INFO] [net.creeperhost.ftbbackups.FTBBackups/]: Shutting down backup cleaning executor
[15lis2022 04:02:46.335] [Server thread/INFO] [net.creeperhost.ftbbackups.FTBBackups/]: Shutting down backup executor
[15lis2022 04:02:46.335] [Server thread/INFO] [net.minecraft.server.MinecraftServer/]: Stopping server
[15lis2022 04:02:46.337] [Server thread/INFO] [net.minecraft.server.MinecraftServer/]: Saving players
[15lis2022 04:02:46.337] [Server thread/INFO] [net.minecraft.server.MinecraftServer/]: Saving worlds
[15lis2022 04:02:47.024] [Server thread/INFO] [net.minecraft.server.MinecraftServer/]: Saving chunks for level 'ServerLevel[world]'/minecraft:overworld
[15lis2022 04:02:47.101] [Server thread/INFO] [net.minecraft.server.MinecraftServer/]: Saving chunks for level 'ServerLevel[world]'/minecraft:the_nether
[15lis2022 04:02:47.106] [Server thread/INFO] [net.minecraft.server.MinecraftServer/]: Saving chunks for level 'ServerLevel[world]'/twilightforest:twilight_forest
[15lis2022 04:02:47.112] [Server thread/INFO] [net.minecraft.server.MinecraftServer/]: Saving chunks for level 'ServerLevel[world]'/minecraft:the_end
[15lis2022 04:02:47.113] [Server thread/INFO] [net.minecraft.server.MinecraftServer/]: Saving chunks for level 'ServerLevel[world]'/ae2:spatial_storage
[15lis2022 04:02:47.130] [Server thread/INFO] [net.minecraft.server.MinecraftServer/]: ThreadedAnvilChunkStorage (world): All chunks are saved
[15lis2022 04:02:47.130] [Server thread/INFO] [net.minecraft.server.MinecraftServer/]: ThreadedAnvilChunkStorage (DIM-1): All chunks are saved
[15lis2022 04:02:47.130] [Server thread/INFO] [net.minecraft.server.MinecraftServer/]: ThreadedAnvilChunkStorage (twilight_forest): All chunks are saved
[15lis2022 04:02:47.130] [Server thread/INFO] [net.minecraft.server.MinecraftServer/]: ThreadedAnvilChunkStorage (DIM1): All chunks are saved
[15lis2022 04:02:47.130] [Server thread/INFO] [net.minecraft.server.MinecraftServer/]: ThreadedAnvilChunkStorage (spatial_storage): All chunks are saved
[15lis2022 04:02:47.130] [Server thread/INFO] [net.minecraft.server.MinecraftServer/]: ThreadedAnvilChunkStorage: All dimensions are saved
[15lis2022 04:02:48.763] [Thread-1/INFO] [net.creeperhost.ftbbackups.FTBBackups/]: Closing the file watcher
[15lis2022 04:02:48.764] [Thread-1/INFO] [net.creeperhost.ftbbackups.FTBBackups/]: Shutting down the config watcher executor
[15lis2022 04:02:48.764] [Thread-1/INFO] [net.creeperhost.ftbbackups.FTBBackups/]: Shutting down backup cleaning executor
[15lis2022 04:02:48.764] [Thread-1/INFO] [net.creeperhost.ftbbackups.FTBBackups/]: Shutting down backup executor
